<?xml version="1.0" encoding="UTF-8"?>
<!-- Generated by org.testng.reporters.JUnitReportReporter -->
<testsuite hostname="DESKTOP-F9G86R8" failures="0" tests="6" name="org.test.Testclasstwo" time="59.478" errors="0" timestamp="2024-05-24T12:06:35 IST" skipped="0">
  <testcase classname="org.test.Testclasstwo" name="checkBox" time="10.295"/>
  <system-out/>
  <testcase classname="org.test.Testclasstwo" name="seleniumIframes" time="7.300"/>
  <system-out/>
  <testcase classname="org.test.Testclasstwo" name="windowHandlesExercisetwo" time="16.648"/>
  <system-out/>
  <testcase classname="org.test.Testclasstwo" name="numberOfFramesInWebpage" time="7.125"/>
  <system-out/>
  <testcase classname="org.test.Testclasstwo" name="windowHandlesExercise" time="11.107"/>
  <system-out/>
  <testcase classname="org.test.Testclasstwo" name="seleniumRadioButtons" time="7.003"/>
  <system-out/>
</testsuite> <!-- org.test.Testclasstwo -->
