<?xml version="1.0" encoding="UTF-8"?>
<!-- Generated by org.testng.reporters.JUnitReportReporter -->
<testsuite hostname="DESKTOP-F9G86R8" failures="0" tests="7" name="org.test.Testclassone" time="69.765" errors="0" timestamp="2024-05-24T12:06:35 IST" skipped="0">
  <testcase classname="org.test.Testclassone" name="brokenLink" time="8.926"/>
  <system-out/>
  <testcase classname="org.test.Testclassone" name="seleniumAlerts" time="8.106"/>
  <system-out/>
  <testcase classname="org.test.Testclassone" name="waysToReloadWebPage" time="7.713"/>
  <system-out/>
  <testcase classname="org.test.Testclassone" name="screenShot" time="8.762"/>
  <system-out/>
  <testcase classname="org.test.Testclassone" name="seleniumPromptAlerts" time="12.505"/>
  <system-out/>
  <testcase classname="org.test.Testclassone" name="scrollaWebPage" time="15.323"/>
  <system-out/>
  <testcase classname="org.test.Testclassone" name="seleniumDropDown" time="8.430"/>
  <system-out/>
</testsuite> <!-- org.test.Testclassone -->
