<?xml version="1.0" encoding="UTF-8"?>
<!-- Generated by org.testng.reporters.JUnitReportReporter -->
<testsuite hostname="DESKTOP-F9G86R8" failures="0" tests="5" name="org.test.Testclassthree" time="60.037" errors="0" timestamp="2024-05-24T12:06:35 IST" skipped="0">
  <testcase classname="org.test.Testclassthree" name="uploadOperation" time="15.327"/>
  <system-out/>
  <testcase classname="org.test.Testclassthree" name="hyperLinks" time="9.894"/>
  <system-out/>
  <testcase classname="org.test.Testclassthree" name="downloadAndValidation" time="8.867"/>
  <system-out/>
  <testcase classname="org.test.Testclassthree" name="explicitWait" time="17.385"/>
  <system-out/>
  <testcase classname="org.test.Testclassthree" name="textBox" time="8.564"/>
  <system-out/>
</testsuite> <!-- org.test.Testclassthree -->
