<?xml version="1.0" encoding="UTF-8"?>
<!-- Generated by org.testng.reporters.JUnitReportReporter -->
<testsuite hostname="DESKTOP-F9G86R8" failures="0" tests="7" name="org.test.Testclassone" time="62.543" errors="0" timestamp="2024-05-24T01:01:24 IST" skipped="0">
  <testcase classname="org.test.Testclassone" name="waysToReloadWebPage" time="4.893"/>
  <system-out/>
  <testcase classname="org.test.Testclassone" name="seleniumPromptAlerts" time="3.667"/>
  <system-out/>
  <testcase classname="org.test.Testclassone" name="seleniumDropDown" time="10.394"/>
  <system-out/>
  <testcase classname="org.test.Testclassone" name="seleniumAlerts" time="8.190"/>
  <system-out/>
  <testcase classname="org.test.Testclassone" name="brokenLink" time="8.830"/>
  <system-out/>
  <testcase classname="org.test.Testclassone" name="screenShot" time="8.004"/>
  <system-out/>
  <testcase classname="org.test.Testclassone" name="scrollaWebPage" time="18.565"/>
  <system-out/>
</testsuite> <!-- org.test.Testclassone -->
