<?xml version="1.0" encoding="UTF-8"?>
<!-- Generated by org.testng.reporters.JUnitReportReporter -->
<testsuite hostname="DESKTOP-F9G86R8" failures="0" tests="6" name="org.test.Testclasstwo" time="54.009" errors="0" timestamp="2024-05-24T01:01:24 IST" skipped="0">
  <testcase classname="org.test.Testclasstwo" name="windowHandlesExercisetwo" time="12.575"/>
  <system-out/>
  <testcase classname="org.test.Testclasstwo" name="seleniumIframes" time="6.545"/>
  <system-out/>
  <testcase classname="org.test.Testclasstwo" name="checkBox" time="10.979"/>
  <system-out/>
  <testcase classname="org.test.Testclasstwo" name="seleniumRadioButtons" time="6.507"/>
  <system-out/>
  <testcase classname="org.test.Testclasstwo" name="windowHandlesExercise" time="10.361"/>
  <system-out/>
  <testcase classname="org.test.Testclasstwo" name="numberOfFramesInWebpage" time="7.042"/>
  <system-out/>
</testsuite> <!-- org.test.Testclasstwo -->
