<?xml version="1.0" encoding="UTF-8"?>
<!-- Generated by org.testng.reporters.JUnitReportReporter -->
<testsuite hostname="DESKTOP-F9G86R8" failures="0" tests="5" name="org.test.Testclassthree" time="53.839" errors="0" timestamp="2024-05-24T01:01:24 IST" skipped="0">
  <testcase classname="org.test.Testclassthree" name="uploadOperation" time="12.128"/>
  <system-out/>
  <testcase classname="org.test.Testclassthree" name="hyperLinks" time="8.259"/>
  <system-out/>
  <testcase classname="org.test.Testclassthree" name="downloadAndValidation" time="8.459"/>
  <system-out/>
  <testcase classname="org.test.Testclassthree" name="textBox" time="8.463"/>
  <system-out/>
  <testcase classname="org.test.Testclassthree" name="explicitWait" time="16.530"/>
  <system-out/>
</testsuite> <!-- org.test.Testclassthree -->
